빌드 시작: 2014-10-01 오후 2:33:45
     1>4 노드의 "C:\sfmlcl2\src\SFML\Network\sfml-network.vcxproj" 프로젝트(Build 대상)입니다.
     1>ClCompile:
         B:\Program Files (x86)\Microsoft Visual Studio 12.0\VC\bin\x86_amd64\CL.exe /c /I"C:\Users\My\Desktop\SFMLsrc\SFML-master\include" /I"C:\Users\My\Desktop\SFMLsrc\SFML-master\src" /Zi /nologo /W3 /WX- /Od /Ob0 /D WIN32 /D _WINDOWS /D _DEBUG /D _CRT_SECURE_NO_DEPRECATE /D "CMAKE_INTDIR=\"Debug\"" /D SFML_NETWORK_EXPORTS /D _WINDLL /D _MBCS /Gm- /EHsc /RTC1 /MDd /GS /fp:precise /Zc:wchar_t /Zc:forScope /GR /Fo"sfml-network.dir\Debug\\" /Fd"sfml-network.dir\Debug\vc120.pdb" /Gd /TP /errorReport:prompt "C:\Users\My\Desktop\SFMLsrc\SFML-master\src\SFML\Network\Ftp.cpp" "C:\Users\My\Desktop\SFMLsrc\SFML-master\src\SFML\Network\Http.cpp" "C:\Users\My\Desktop\SFMLsrc\SFML-master\src\SFML\Network\IpAddress.cpp" "C:\Users\My\Desktop\SFMLsrc\SFML-master\src\SFML\Network\Packet.cpp" "C:\Users\My\Desktop\SFMLsrc\SFML-master\src\SFML\Network\Socket.cpp" "C:\Users\My\Desktop\SFMLsrc\SFML-master\src\SFML\Network\SocketSelector.cpp" "C:\Users\My\Desktop\SFMLsrc\SFML-master\src\SFML\Network\TcpListener.cpp" "C:\Users\My\Desktop\SFMLsrc\SFML-master\src\SFML\Network\TcpSocket.cpp" "C:\Users\My\Desktop\SFMLsrc\SFML-master\src\SFML\Network\UdpSocket.cpp" "C:\Users\My\Desktop\SFMLsrc\SFML-master\src\SFML\Network\Win32\SocketImpl.cpp"
         Ftp.cpp
         Http.cpp
         IpAddress.cpp
         Packet.cpp
         Socket.cpp
         SocketSelector.cpp
         TcpListener.cpp
         TcpSocket.cpp
         UdpSocket.cpp
         SocketImpl.cpp
         코드를 생성하고 있습니다...
       Link:
         B:\Program Files (x86)\Microsoft Visual Studio 12.0\VC\bin\x86_amd64\link.exe /ERRORREPORT:PROMPT /OUT:"C:\sfmlcl2\lib\Debug\sfml-network-d-2.dll" /INCREMENTAL /NOLOGO kernel32.lib user32.lib gdi32.lib winspool.lib shell32.lib ole32.lib oleaut32.lib uuid.lib comdlg32.lib advapi32.lib "..\..\..\lib\Debug\sfml-system-d.lib" ws2_32.lib winmm.lib /MANIFEST /MANIFESTUAC:"level='asInvoker' uiAccess='false'" /manifest:embed /DEBUG /PDB:"C:/sfmlcl2/lib/Debug/sfml-network-d.pdb" /SUBSYSTEM:CONSOLE /TLBID:1 /DYNAMICBASE /NXCOMPAT /IMPLIB:"C:/sfmlcl2/lib/Debug/sfml-network-d.lib" /MACHINE:X64  /machine:x64 /debug /DLL "sfml-network.dir\Debug\Ftp.obj"
         "sfml-network.dir\Debug\Http.obj"
         "sfml-network.dir\Debug\IpAddress.obj"
         "sfml-network.dir\Debug\Packet.obj"
         "sfml-network.dir\Debug\Socket.obj"
         "sfml-network.dir\Debug\SocketSelector.obj"
         "sfml-network.dir\Debug\TcpListener.obj"
         "sfml-network.dir\Debug\TcpSocket.obj"
         "sfml-network.dir\Debug\UdpSocket.obj"
         "sfml-network.dir\Debug\SocketImpl.obj"
         sfml-network.vcxproj -> C:\sfmlcl2\lib\Debug\sfml-network-d-2.dll
     1>"C:\sfmlcl2\src\SFML\Network\sfml-network.vcxproj" 프로젝트를 빌드했습니다(Build 대상).

빌드했습니다.

경과 시간: 00:00:05.23
