빌드 시작: 2014-10-01 오후 2:33:42
     1>2 노드의 "C:\sfmlcl2\src\SFML\System\sfml-system.vcxproj" 프로젝트(Build 대상)입니다.
     1>ClCompile:
         B:\Program Files (x86)\Microsoft Visual Studio 12.0\VC\bin\x86_amd64\CL.exe /c /I"C:\Users\My\Desktop\SFMLsrc\SFML-master\include" /I"C:\Users\My\Desktop\SFMLsrc\SFML-master\src" /Zi /nologo /W3 /WX- /Od /Ob0 /D WIN32 /D _WINDOWS /D _DEBUG /D _CRT_SECURE_NO_DEPRECATE /D "CMAKE_INTDIR=\"Debug\"" /D SFML_SYSTEM_EXPORTS /D _WINDLL /D _MBCS /Gm- /EHsc /RTC1 /MDd /GS /fp:precise /Zc:wchar_t /Zc:forScope /GR /Fo"sfml-system.dir\Debug\\" /Fd"sfml-system.dir\Debug\vc120.pdb" /Gd /TP /errorReport:prompt "C:\Users\My\Desktop\SFMLsrc\SFML-master\src\SFML\System\Clock.cpp" "C:\Users\My\Desktop\SFMLsrc\SFML-master\src\SFML\System\Err.cpp" "C:\Users\My\Desktop\SFMLsrc\SFML-master\src\SFML\System\Lock.cpp" "C:\Users\My\Desktop\SFMLsrc\SFML-master\src\SFML\System\Mutex.cpp" "C:\Users\My\Desktop\SFMLsrc\SFML-master\src\SFML\System\Sleep.cpp" "C:\Users\My\Desktop\SFMLsrc\SFML-master\src\SFML\System\String.cpp" "C:\Users\My\Desktop\SFMLsrc\SFML-master\src\SFML\System\Thread.cpp" "C:\Users\My\Desktop\SFMLsrc\SFML-master\src\SFML\System\ThreadLocal.cpp" "C:\Users\My\Desktop\SFMLsrc\SFML-master\src\SFML\System\Time.cpp" "C:\Users\My\Desktop\SFMLsrc\SFML-master\src\SFML\System\Win32\ClockImpl.cpp" "C:\Users\My\Desktop\SFMLsrc\SFML-master\src\SFML\System\Win32\MutexImpl.cpp" "C:\Users\My\Desktop\SFMLsrc\SFML-master\src\SFML\System\Win32\SleepImpl.cpp" "C:\Users\My\Desktop\SFMLsrc\SFML-master\src\SFML\System\Win32\ThreadImpl.cpp" "C:\Users\My\Desktop\SFMLsrc\SFML-master\src\SFML\System\Win32\ThreadLocalImpl.cpp"
         Clock.cpp
         Err.cpp
         Lock.cpp
         Mutex.cpp
         Sleep.cpp
         String.cpp
         Thread.cpp
         ThreadLocal.cpp
         Time.cpp
         ClockImpl.cpp
         MutexImpl.cpp
         SleepImpl.cpp
         ThreadImpl.cpp
         ThreadLocalImpl.cpp
         코드를 생성하고 있습니다...
       Link:
         B:\Program Files (x86)\Microsoft Visual Studio 12.0\VC\bin\x86_amd64\link.exe /ERRORREPORT:PROMPT /OUT:"C:\sfmlcl2\lib\Debug\sfml-system-d-2.dll" /INCREMENTAL /NOLOGO kernel32.lib user32.lib gdi32.lib winspool.lib shell32.lib ole32.lib oleaut32.lib uuid.lib comdlg32.lib advapi32.lib winmm.lib /MANIFEST /MANIFESTUAC:"level='asInvoker' uiAccess='false'" /manifest:embed /DEBUG /PDB:"C:/sfmlcl2/lib/Debug/sfml-system-d.pdb" /SUBSYSTEM:CONSOLE /TLBID:1 /DYNAMICBASE /NXCOMPAT /IMPLIB:"C:/sfmlcl2/lib/Debug/sfml-system-d.lib" /MACHINE:X64  /machine:x64 /debug /DLL "sfml-system.dir\Debug\Clock.obj"
         "sfml-system.dir\Debug\Err.obj"
         "sfml-system.dir\Debug\Lock.obj"
         "sfml-system.dir\Debug\Mutex.obj"
         "sfml-system.dir\Debug\Sleep.obj"
         "sfml-system.dir\Debug\String.obj"
         "sfml-system.dir\Debug\Thread.obj"
         "sfml-system.dir\Debug\ThreadLocal.obj"
         "sfml-system.dir\Debug\Time.obj"
         "sfml-system.dir\Debug\ClockImpl.obj"
         "sfml-system.dir\Debug\MutexImpl.obj"
         "sfml-system.dir\Debug\SleepImpl.obj"
         "sfml-system.dir\Debug\ThreadImpl.obj"
         "sfml-system.dir\Debug\ThreadLocalImpl.obj"
         sfml-system.vcxproj -> C:\sfmlcl2\lib\Debug\sfml-system-d-2.dll
     1>"C:\sfmlcl2\src\SFML\System\sfml-system.vcxproj" 프로젝트를 빌드했습니다(Build 대상).

빌드했습니다.

경과 시간: 00:00:03.37
