빌드 시작: 2014-10-01 오후 2:33:45
     1>3 노드의 "C:\sfmlcl2\src\SFML\Window\sfml-window.vcxproj" 프로젝트(Build 대상)입니다.
     1>ClCompile:
         B:\Program Files (x86)\Microsoft Visual Studio 12.0\VC\bin\x86_amd64\CL.exe /c /I"C:\Users\My\Desktop\SFMLsrc\SFML-master\include" /I"C:\Users\My\Desktop\SFMLsrc\SFML-master\src" /Zi /nologo /W3 /WX- /Od /Ob0 /D WIN32 /D _WINDOWS /D _DEBUG /D _CRT_SECURE_NO_DEPRECATE /D UNICODE /D _UNICODE /D "CMAKE_INTDIR=\"Debug\"" /D SFML_WINDOW_EXPORTS /D _WINDLL /D _UNICODE /D UNICODE /Gm- /EHsc /RTC1 /MDd /GS /fp:precise /Zc:wchar_t /Zc:forScope /GR /Fo"sfml-window.dir\Debug\\" /Fd"sfml-window.dir\Debug\vc120.pdb" /Gd /TP /errorReport:prompt "C:\Users\My\Desktop\SFMLsrc\SFML-master\src\SFML\Window\Context.cpp" "C:\Users\My\Desktop\SFMLsrc\SFML-master\src\SFML\Window\GlContext.cpp" "C:\Users\My\Desktop\SFMLsrc\SFML-master\src\SFML\Window\GlResource.cpp" "C:\Users\My\Desktop\SFMLsrc\SFML-master\src\SFML\Window\Joystick.cpp" "C:\Users\My\Desktop\SFMLsrc\SFML-master\src\SFML\Window\JoystickManager.cpp" "C:\Users\My\Desktop\SFMLsrc\SFML-master\src\SFML\Window\Keyboard.cpp" "C:\Users\My\Desktop\SFMLsrc\SFML-master\src\SFML\Window\Mouse.cpp" "C:\Users\My\Desktop\SFMLsrc\SFML-master\src\SFML\Window\Touch.cpp" "C:\Users\My\Desktop\SFMLsrc\SFML-master\src\SFML\Window\Sensor.cpp" "C:\Users\My\Desktop\SFMLsrc\SFML-master\src\SFML\Window\SensorManager.cpp" "C:\Users\My\Desktop\SFMLsrc\SFML-master\src\SFML\Window\VideoMode.cpp" "C:\Users\My\Desktop\SFMLsrc\SFML-master\src\SFML\Window\Window.cpp" "C:\Users\My\Desktop\SFMLsrc\SFML-master\src\SFML\Window\WindowImpl.cpp" "C:\Users\My\Desktop\SFMLsrc\SFML-master\src\SFML\Window\Win32\WglContext.cpp" "C:\Users\My\Desktop\SFMLsrc\SFML-master\src\SFML\Window\Win32\InputImpl.cpp" "C:\Users\My\Desktop\SFMLsrc\SFML-master\src\SFML\Window\Win32\JoystickImpl.cpp" "C:\Users\My\Desktop\SFMLsrc\SFML-master\src\SFML\Window\Win32\SensorImpl.cpp" "C:\Users\My\Desktop\SFMLsrc\SFML-master\src\SFML\Window\Win32\VideoModeImpl.cpp" "C:\Users\My\Desktop\SFMLsrc\SFML-master\src\SFML\Window\Win32\WindowImplWin32.cpp"
         Context.cpp
         GlContext.cpp
         GlResource.cpp
         Joystick.cpp
         JoystickManager.cpp
         Keyboard.cpp
         Mouse.cpp
         Touch.cpp
         Sensor.cpp
     1>C:\Users\My\Desktop\SFMLsrc\SFML-master\include\SFML/Window/Sensor.hpp : warning C4819: 현재 코드 페이지(949)에서 표시할 수 없는 문자가 파일에 들어 있습니다. 데이터가 손실되지 않게 하려면 해당 파일을 유니코드 형식으로 저장하십시오.
         SensorManager.cpp
     1>C:\Users\My\Desktop\SFMLsrc\SFML-master\include\SFML/Window/Sensor.hpp : warning C4819: 현재 코드 페이지(949)에서 표시할 수 없는 문자가 파일에 들어 있습니다. 데이터가 손실되지 않게 하려면 해당 파일을 유니코드 형식으로 저장하십시오.
         VideoMode.cpp
         Window.cpp
     1>C:\Users\My\Desktop\SFMLsrc\SFML-master\include\SFML/Window/Sensor.hpp : warning C4819: 현재 코드 페이지(949)에서 표시할 수 없는 문자가 파일에 들어 있습니다. 데이터가 손실되지 않게 하려면 해당 파일을 유니코드 형식으로 저장하십시오.
         WindowImpl.cpp
     1>C:\Users\My\Desktop\SFMLsrc\SFML-master\include\SFML/Window/Sensor.hpp : warning C4819: 현재 코드 페이지(949)에서 표시할 수 없는 문자가 파일에 들어 있습니다. 데이터가 손실되지 않게 하려면 해당 파일을 유니코드 형식으로 저장하십시오.
         WglContext.cpp
     1>C:\Users\My\Desktop\SFMLsrc\SFML-master\include\SFML/Window/Sensor.hpp : warning C4819: 현재 코드 페이지(949)에서 표시할 수 없는 문자가 파일에 들어 있습니다. 데이터가 손실되지 않게 하려면 해당 파일을 유니코드 형식으로 저장하십시오.
         InputImpl.cpp
         JoystickImpl.cpp
         SensorImpl.cpp
     1>C:\Users\My\Desktop\SFMLsrc\SFML-master\include\SFML/Window/Sensor.hpp : warning C4819: 현재 코드 페이지(949)에서 표시할 수 없는 문자가 파일에 들어 있습니다. 데이터가 손실되지 않게 하려면 해당 파일을 유니코드 형식으로 저장하십시오.
         VideoModeImpl.cpp
         WindowImplWin32.cpp
     1>C:\Users\My\Desktop\SFMLsrc\SFML-master\include\SFML/Window/Sensor.hpp : warning C4819: 현재 코드 페이지(949)에서 표시할 수 없는 문자가 파일에 들어 있습니다. 데이터가 손실되지 않게 하려면 해당 파일을 유니코드 형식으로 저장하십시오.
         코드를 생성하고 있습니다...
       Link:
         B:\Program Files (x86)\Microsoft Visual Studio 12.0\VC\bin\x86_amd64\link.exe /ERRORREPORT:PROMPT /OUT:"C:\sfmlcl2\lib\Debug\sfml-window-d-2.dll" /INCREMENTAL /NOLOGO kernel32.lib user32.lib gdi32.lib winspool.lib shell32.lib ole32.lib oleaut32.lib uuid.lib comdlg32.lib advapi32.lib "..\..\..\lib\Debug\sfml-system-d.lib" winmm.lib gdi32.lib opengl32.lib /MANIFEST /MANIFESTUAC:"level='asInvoker' uiAccess='false'" /manifest:embed /DEBUG /PDB:"C:/sfmlcl2/lib/Debug/sfml-window-d.pdb" /SUBSYSTEM:CONSOLE /TLBID:1 /DYNAMICBASE /NXCOMPAT /IMPLIB:"C:/sfmlcl2/lib/Debug/sfml-window-d.lib" /MACHINE:X64  /machine:x64 /debug /DLL "sfml-window.dir\Debug\Context.obj"
         "sfml-window.dir\Debug\GlContext.obj"
         "sfml-window.dir\Debug\GlResource.obj"
         "sfml-window.dir\Debug\Joystick.obj"
         "sfml-window.dir\Debug\JoystickManager.obj"
         "sfml-window.dir\Debug\Keyboard.obj"
         "sfml-window.dir\Debug\Mouse.obj"
         "sfml-window.dir\Debug\Touch.obj"
         "sfml-window.dir\Debug\Sensor.obj"
         "sfml-window.dir\Debug\SensorManager.obj"
         "sfml-window.dir\Debug\VideoMode.obj"
         "sfml-window.dir\Debug\Window.obj"
         "sfml-window.dir\Debug\WindowImpl.obj"
         "sfml-window.dir\Debug\WglContext.obj"
         "sfml-window.dir\Debug\InputImpl.obj"
         "sfml-window.dir\Debug\JoystickImpl.obj"
         "sfml-window.dir\Debug\SensorImpl.obj"
         "sfml-window.dir\Debug\VideoModeImpl.obj"
         "sfml-window.dir\Debug\WindowImplWin32.obj"
            C:/sfmlcl2/lib/Debug/sfml-window-d.lib 라이브러리 및 C:/sfmlcl2/lib/Debug/sfml-window-d.exp 개체를 생성하고 있습니다.
         sfml-window.vcxproj -> C:\sfmlcl2\lib\Debug\sfml-window-d-2.dll
     1>"C:\sfmlcl2\src\SFML\Window\sfml-window.vcxproj" 프로젝트를 빌드했습니다(Build 대상).

빌드했습니다.

경과 시간: 00:00:07.43
